2015-11-11 09:37:38,826 INFO [org.geoserver] - Loaded style 'restricted'
2015-11-11 09:37:38,827 INFO [org.geoserver] - Loaded style 'point'
2015-11-11 09:37:38,828 INFO [org.geoserver] - Loaded style 'capitals'
2015-11-11 09:37:38,829 INFO [org.geoserver] - Loaded style 'generic'
2015-11-11 09:37:38,829 INFO [org.geoserver] - Loaded style 'cite_lakes'
2015-11-11 09:37:38,830 INFO [org.geoserver] - Loaded style 'tiger_roads'
2015-11-11 09:37:38,830 INFO [org.geoserver] - Loaded style 'simple_streams'
2015-11-11 09:37:38,831 INFO [org.geoserver] - Loaded style 'simple_roads'
2015-11-11 09:37:38,831 INFO [org.geoserver] - Loaded style 'dem'
2015-11-11 09:37:38,832 INFO [org.geoserver] - Loaded style 'population'
2015-11-11 09:37:38,832 INFO [org.geoserver] - Loaded style 'pophatch'
2015-11-11 09:37:38,833 INFO [org.geoserver] - Loaded style 'raster'
2015-11-11 09:37:38,834 INFO [org.geoserver] - Loaded style 'burg'
2015-11-11 09:37:38,835 INFO [org.geoserver] - Loaded style 'polygon'
2015-11-11 09:37:38,835 INFO [org.geoserver] - Loaded style 'grass'
2015-11-11 09:37:38,837 INFO [org.geoserver] - Loaded style 'green'
2015-11-11 09:37:38,837 INFO [org.geoserver] - Loaded style 'line'
2015-11-11 09:37:38,838 INFO [org.geoserver] - Loaded style 'poi'
2015-11-11 09:37:38,838 INFO [org.geoserver] - Loaded style 'rain'
2015-11-11 09:37:38,839 INFO [org.geoserver] - Loaded style 'giant_polygon'
2015-11-11 09:37:38,839 INFO [org.geoserver] - Loaded style 'poly_landmarks'
2015-11-11 09:37:38,839 WARN [org.geoserver] - No default workspace was found.
2015-11-11 09:37:38,844 INFO [org.geoserver] - Loaded workspace 'nurc'
2015-11-11 09:37:38,859 INFO [org.geoserver] - Loaded workspace 'sf'
2015-11-11 09:37:38,861 INFO [org.geoserver] - Loaded workspace 'sde'
2015-11-11 09:37:38,862 INFO [org.geoserver] - Loaded workspace 'tiger'
2015-11-11 09:37:38,863 INFO [org.geoserver] - Loaded workspace 'topp'
2015-11-11 09:37:38,865 INFO [org.geoserver] - Loaded workspace 'it.geosolutions'
2015-11-11 09:37:38,866 INFO [org.geoserver] - Loaded workspace 'cite'
2015-11-11 09:37:39,053 INFO [org.geoserver] - Loaded store 'mosaic', enabled
2015-11-11 09:37:39,058 INFO [org.geoserver] - Loaded coverage store 'mosaic'
2015-11-11 09:37:39,851 INFO [org.geoserver] - Loaded coverage 'mosaic', enabled
2015-11-11 09:37:39,859 INFO [org.geoserver] - Loaded coverage 'mosaic'
2015-11-11 09:37:40,302 WARN [imagemosaic.Utils] - Unable to find sample image for path /local/SIG_Projeto/geoserver-2.8.0/data_dir/coverages/mosaic_sample/sample_image
2015-11-11 09:37:40,302 WARN [gce.imagemosaic] - Unable to find sample image for path file:/local/SIG_Projeto/geoserver-2.8.0/data_dir/coverages/mosaic_sample/mosaic.shp
2015-11-11 09:37:40,332 INFO [org.geoserver] - Loaded layer 'mosaic'
2015-11-11 09:37:40,337 INFO [org.geoserver] - Loaded store 'img_sample2', disabled
2015-11-11 09:37:40,337 INFO [org.geoserver] - Loaded coverage store 'img_sample2'
2015-11-11 09:37:40,598 INFO [org.geoserver] - Loaded coverage 'Pk50095', disabled
2015-11-11 09:37:40,599 INFO [org.geoserver] - Loaded coverage 'img_sample2'
2015-11-11 09:37:40,600 INFO [org.geoserver] - Loaded layer 'Pk50095'
2015-11-11 09:37:40,605 INFO [org.geoserver] - Loaded store 'arcGridSample', enabled
2015-11-11 09:37:40,606 INFO [org.geoserver] - Loaded coverage store 'arcGridSample'
2015-11-11 09:37:40,610 INFO [org.geoserver] - Loaded coverage 'Arc_Sample', enabled
2015-11-11 09:37:40,610 INFO [org.geoserver] - Loaded coverage 'arcGridSample'
2015-11-11 09:37:40,675 INFO [org.geoserver] - Loaded layer 'Arc_Sample'
2015-11-11 09:37:40,678 INFO [org.geoserver] - Loaded store 'worldImageSample', enabled
2015-11-11 09:37:40,679 INFO [org.geoserver] - Loaded coverage store 'worldImageSample'
2015-11-11 09:37:40,683 INFO [org.geoserver] - Loaded coverage 'Img_Sample', enabled
2015-11-11 09:37:40,683 INFO [org.geoserver] - Loaded coverage 'worldImageSample'
2015-11-11 09:37:40,731 INFO [org.geoserver] - Loaded layer 'Img_Sample'
2015-11-11 09:37:40,739 INFO [org.geoserver] - Loaded store 'sfdem', enabled
2015-11-11 09:37:40,740 INFO [org.geoserver] - Loaded coverage store 'sfdem'
2015-11-11 09:37:40,771 INFO [org.geoserver] - Loaded coverage 'sfdem', enabled
2015-11-11 09:37:40,772 INFO [org.geoserver] - Loaded coverage 'sfdem'
2015-11-11 09:37:40,862 INFO [org.geoserver] - Loaded layer 'sfdem'
2015-11-11 09:37:41,047 INFO [org.geoserver] - Loaded store 'sf', enabled
2015-11-11 09:37:41,049 INFO [org.geoserver] - Loaded data store 'sf'
2015-11-11 09:37:41,065 INFO [org.geoserver] - Loaded feature type 'restricted', enabled
2015-11-11 09:37:41,071 INFO [org.geoserver] - Loaded feature type 'sf'
2015-11-11 09:37:41,079 INFO [org.geoserver] - Loaded layer 'restricted'
2015-11-11 09:37:41,083 INFO [org.geoserver] - Loaded feature type 'streams', enabled
2015-11-11 09:37:41,084 INFO [org.geoserver] - Loaded feature type 'sf'
2015-11-11 09:37:41,086 INFO [org.geoserver] - Loaded layer 'streams'
2015-11-11 09:37:41,092 INFO [org.geoserver] - Loaded feature type 'archsites', enabled
2015-11-11 09:37:41,093 INFO [org.geoserver] - Loaded feature type 'sf'
2015-11-11 09:37:41,095 INFO [org.geoserver] - Loaded layer 'archsites'
2015-11-11 09:37:41,100 INFO [org.geoserver] - Loaded feature type 'roads', enabled
2015-11-11 09:37:41,100 INFO [org.geoserver] - Loaded feature type 'sf'
2015-11-11 09:37:41,102 INFO [org.geoserver] - Loaded layer 'roads'
2015-11-11 09:37:41,106 INFO [org.geoserver] - Loaded feature type 'bugsites', enabled
2015-11-11 09:37:41,106 INFO [org.geoserver] - Loaded feature type 'sf'
2015-11-11 09:37:41,109 INFO [org.geoserver] - Loaded layer 'bugsites'
2015-11-11 09:37:41,115 INFO [org.geoserver] - Loaded store 'nyc', enabled
2015-11-11 09:37:41,116 INFO [org.geoserver] - Loaded data store 'nyc'
2015-11-11 09:37:41,122 INFO [org.geoserver] - Loaded feature type 'poly_landmarks', enabled
2015-11-11 09:37:41,123 INFO [org.geoserver] - Loaded feature type 'nyc'
2015-11-11 09:37:41,125 INFO [org.geoserver] - Loaded layer 'poly_landmarks'
2015-11-11 09:37:41,127 INFO [org.geoserver] - Loaded feature type 'poi', enabled
2015-11-11 09:37:41,128 INFO [org.geoserver] - Loaded feature type 'nyc'
2015-11-11 09:37:41,130 INFO [org.geoserver] - Loaded layer 'poi'
2015-11-11 09:37:41,131 INFO [org.geoserver] - Loaded feature type 'giant_polygon', enabled
2015-11-11 09:37:41,132 INFO [org.geoserver] - Loaded feature type 'nyc'
2015-11-11 09:37:41,133 INFO [org.geoserver] - Loaded layer 'giant_polygon'
2015-11-11 09:37:41,135 INFO [org.geoserver] - Loaded feature type 'tiger_roads', enabled
2015-11-11 09:37:41,135 INFO [org.geoserver] - Loaded feature type 'nyc'
2015-11-11 09:37:41,137 INFO [org.geoserver] - Loaded layer 'tiger_roads'
2015-11-11 09:37:41,143 INFO [org.geoserver] - Loaded store 'states_shapefile', enabled
2015-11-11 09:37:41,144 INFO [org.geoserver] - Loaded data store 'states_shapefile'
2015-11-11 09:37:41,151 INFO [org.geoserver] - Loaded feature type 'states', enabled
2015-11-11 09:37:41,151 INFO [org.geoserver] - Loaded feature type 'states_shapefile'
2015-11-11 09:37:41,158 INFO [org.geoserver] - Loaded layer 'states'
2015-11-11 09:37:41,166 INFO [org.geoserver] - Loaded store 'taz_shapes', enabled
2015-11-11 09:37:41,166 INFO [org.geoserver] - Loaded data store 'taz_shapes'
2015-11-11 09:37:41,172 INFO [org.geoserver] - Loaded feature type 'tasmania_state_boundaries', enabled
2015-11-11 09:37:41,176 INFO [org.geoserver] - Loaded feature type 'taz_shapes'
2015-11-11 09:37:41,180 INFO [org.geoserver] - Loaded layer 'tasmania_state_boundaries'
2015-11-11 09:37:41,182 INFO [org.geoserver] - Loaded feature type 'tasmania_roads', enabled
2015-11-11 09:37:41,183 INFO [org.geoserver] - Loaded feature type 'taz_shapes'
2015-11-11 09:37:41,184 INFO [org.geoserver] - Loaded layer 'tasmania_roads'
2015-11-11 09:37:41,187 INFO [org.geoserver] - Loaded feature type 'tasmania_cities', enabled
2015-11-11 09:37:41,187 INFO [org.geoserver] - Loaded feature type 'taz_shapes'
2015-11-11 09:37:41,189 INFO [org.geoserver] - Loaded layer 'tasmania_cities'
2015-11-11 09:37:41,191 INFO [org.geoserver] - Loaded feature type 'tasmania_water_bodies', enabled
2015-11-11 09:37:41,191 INFO [org.geoserver] - Loaded feature type 'taz_shapes'
2015-11-11 09:37:41,193 INFO [org.geoserver] - Loaded layer 'tasmania_water_bodies'
2015-11-11 09:37:41,200 INFO [org.geoserver] - Loaded layer group 'spearfish'
2015-11-11 09:37:41,201 INFO [org.geoserver] - Loaded layer group 'tiger-ny'
2015-11-11 09:37:41,202 INFO [org.geoserver] - Loaded layer group 'tasmania'
2015-11-11 09:37:41,281 INFO [org.geoserver] - Loaded service 'wcs', enabled
2015-11-11 09:37:41,295 INFO [org.geoserver] - Loaded service 'wfs', enabled
2015-11-11 09:37:41,305 INFO [org.geoserver] - Loaded service 'wms', enabled
2015-11-11 09:37:41,334 INFO [storage.DefaultStorageFinder] - **********************************************************************************************************************************************
2015-11-11 09:37:41,334 INFO [storage.DefaultStorageFinder] - *** Found Java environment variable GEOSERVER_DATA_DIR set to /local/SIG_Projeto/geoserver-2.8.0/data_dir, using it as the default prefix. ***
2015-11-11 09:37:41,334 INFO [storage.DefaultStorageFinder] - **********************************************************************************************************************************************
2015-11-11 09:37:41,334 INFO [config.XMLConfiguration] - Will look for geowebcache.xml in '/local/SIG_Projeto/geoserver-2.8.0/data_dir/gwc'
2015-11-11 09:37:41,338 WARN [config.XMLConfiguration] - Found no configuration file in config directory, will create one at '/local/SIG_Projeto/geoserver-2.8.0/data_dir/gwc/geowebcache.xml' from template jar:file:/local/SIG_Projeto/geoserver-2.8.0/webapps/geoserver/WEB-INF/lib/gwc-core-1.8.0.jar!/geowebcache_empty.xml
2015-11-11 09:37:41,423 INFO [config.XMLConfiguration] - Configuration file validated fine.
2015-11-11 09:37:41,520 INFO [gwc.layer] - Initializing GWC configuration based on GeoServer's Catalog
2015-11-11 09:37:41,520 INFO [gwc.layer] - GeoServer TileLayer store base directory is: /local/SIG_Projeto/geoserver-2.8.0/data_dir/gwc-layers
2015-11-11 09:37:41,521 INFO [gwc.layer] - Loading tile layers from /local/SIG_Projeto/geoserver-2.8.0/data_dir/gwc-layers
2015-11-11 09:37:41,530 INFO [gwc.layer] - GWC configuration based on GeoServer's Catalog loaded successfuly
2015-11-11 09:37:41,530 INFO [layer.TileLayerDispatcher] - Configuration GeoServer Catalog Configuration contained no layers.
2015-11-11 09:37:41,530 INFO [config.XMLConfiguration] - Initializing GridSets from /local/SIG_Projeto/geoserver-2.8.0/data_dir/gwc
2015-11-11 09:37:41,530 INFO [config.XMLConfiguration] - Initializing layers from /local/SIG_Projeto/geoserver-2.8.0/data_dir/gwc
2015-11-11 09:37:41,530 INFO [layer.TileLayerDispatcher] - Configuration /local/SIG_Projeto/geoserver-2.8.0/data_dir/gwc contained no layers.
2015-11-11 09:37:41,604 INFO [gwc.config] - Initializing GeoServer specific GWC configuration from gwc-gs.xml
2015-11-11 09:37:41,805 INFO [ows.OWSHandlerMapping] - Mapped URL path [/ows/**] onto handler 'dispatcher'
2015-11-11 09:37:41,805 INFO [ows.OWSHandlerMapping] - Mapped URL path [/ows] onto handler 'dispatcher'
2015-11-11 09:37:41,820 INFO [org.geoserver] - GeoServer configuration lock is enabled
2015-11-11 09:37:42,031 INFO [ows.OWSHandlerMapping] - Mapped URL path [/wcs] onto handler 'dispatcher'
2015-11-11 09:37:42,031 INFO [ows.OWSHandlerMapping] - Mapped URL path [/wcs/**] onto handler 'dispatcher'
2015-11-11 09:37:42,192 INFO [diskquota.ConfigLoader] - DiskQuota configuration not found: /local/SIG_Projeto/geoserver-2.8.0/data_dir/gwc/geowebcache-diskquota.xml
2015-11-11 09:37:42,198 INFO [diskquota.ConfigLoader] - DiskQuota configuration not found: /local/SIG_Projeto/geoserver-2.8.0/data_dir/gwc/geowebcache-diskquota.xml
2015-11-11 09:37:42,200 INFO [diskquota.DiskQuotaMonitor] - Setting up disk quota periodic enforcement task
2015-11-11 09:37:42,200 INFO [diskquota.DiskQuotaMonitor] - 0 layers configured with their own quotas. 
2015-11-11 09:37:42,201 INFO [diskquota.DiskQuotaMonitor] - 22 layers attached to global quota 500,0 MB
2015-11-11 09:37:42,235 INFO [diskquota.DiskQuotaMonitor] - Disk quota periodic enforcement task set up every 10 SECONDS
2015-11-11 09:37:42,462 INFO [ows.OWSHandlerMapping] - Mapped URL path [/wfs/*] onto handler 'dispatcher'
2015-11-11 09:37:42,463 INFO [ows.OWSHandlerMapping] - Mapped URL path [/TestWfsPost] onto handler 'wfsTestServlet'
2015-11-11 09:37:42,463 INFO [ows.OWSHandlerMapping] - Mapped URL path [/wfs] onto handler 'dispatcher'
2015-11-11 09:37:45,086 INFO [ows.OWSHandlerMapping] - Mapped URL path [/gwc/service/**] onto handler 'dispatcher'
2015-11-11 09:37:45,100 INFO [geowebcache.GeoWebCacheDispatcher] - Invoked setServletPrefix(gwc)
2015-11-11 09:37:45,108 INFO [georss.GeoRSSPoller] - Initializing GeoRSS poller in a background job...
2015-11-11 09:37:45,109 INFO [georss.GeoRSSPoller] - No enabled GeoRSS feeds found, poller will not run.
2015-11-11 09:37:45,179 INFO [rest.RESTDispatcher] - Created RESTDispatcher with 15 paths
2015-11-11 09:37:45,189 INFO [wms.WMSService] - Will NOT recombine tiles for non-tiling clients.
2015-11-11 09:37:45,189 INFO [wms.WMSService] - Will proxy requests to backend that are not getmap or getcapabilities.
2015-11-11 09:37:45,815 INFO [ows.OWSHandlerMapping] - Mapped URL path [/kml] onto handler 'dispatcher'
2015-11-11 09:37:45,815 INFO [ows.OWSHandlerMapping] - Mapped URL path [/kml/*] onto handler 'dispatcher'
2015-11-11 09:37:45,815 INFO [ows.OWSHandlerMapping] - Mapped URL path [/kml/icon/**/*] onto handler 'kmlIconService'
2015-11-11 09:37:45,859 INFO [ows.OWSHandlerMapping] - Mapped URL path [/wms/*] onto handler 'dispatcher'
2015-11-11 09:37:45,859 INFO [ows.OWSHandlerMapping] - Mapped URL path [/wms] onto handler 'dispatcher'
2015-11-11 09:37:45,905 INFO [ows.OWSHandlerMapping] - Mapped URL path [/animate] onto handler 'dispatcher'
2015-11-11 09:37:45,905 INFO [ows.OWSHandlerMapping] - Mapped URL path [/animate/*] onto handler 'dispatcher'
2015-11-11 09:37:46,011 INFO [geoserver.security] - AuthenticationCache Initialized with 1000 Max Entries, 300 seconds idle time, 600 seconds time to live and 3 concurrency level
2015-11-11 09:37:46,011 INFO [geoserver.security] - AuthenticationCache Eviction Task created to run every 600 seconds
2015-11-11 09:37:46,202 INFO [geoserver.security] - Start reloading user/groups for service named default
2015-11-11 09:37:46,205 INFO [geoserver.security] - Reloading user/groups successful for service named default
2015-11-11 10:14:43,862 INFO [georss.GeoRSSPoller] - destroy() invoked
2015-11-11 10:14:43,864 INFO [geowebcache.GeoWebCacheDispatcher] - GeoWebCacheDispatcher.destroy() was invoked, shutting down.
2015-11-11 10:14:43,868 INFO [diskquota.DiskQuotaMonitor] - Disk quota monitor shutting down...
2015-11-11 10:14:43,869 INFO [diskquota.DiskQuotaMonitor] - Shutting down quota usage monitor...
2015-11-11 10:14:43,869 INFO [diskquota.QuotaUpdatesMonitor] - Shutting down quota usage monitor...
2015-11-11 10:14:43,869 INFO [diskquota.DiskQuotaMonitor] - Shutting down quota statistics gathering monitor...
2015-11-11 10:14:43,869 INFO [diskquota.QueuedQuotaUpdatesConsumer] - Shutting down quota update background task due to InterruptedException
2015-11-11 10:14:43,892 INFO [diskquota.QueuedUsageStatsConsumer] - Shutting down quota update background task due to interrupted exception
2015-11-11 10:14:43,894 INFO [seed.SeederThreadPoolExecutor] - Initiating shut down for running and pending seed tasks...
2015-11-11 10:14:43,894 INFO [seed.SeederThreadPoolExecutor] - Seeder thread pool executor shut down complete.
2015-11-11 10:14:43,895 INFO [storage.DefaultStorageBroker] - Destroying StorageBroker
2015-11-11 10:14:43,903 WARN [support.DisposableBeanAdapter] - Invocation of destroy method failed on bean with name 'geoServerLoader': org.springframework.beans.factory.BeanCreationNotAllowedException: Error creating bean with name 'gwcFacade': Singleton bean creation not allowed while the singletons of this factory are in destruction (Do not request a bean from a BeanFactory in a destroy method implementation!)
